<?xml version="1.0" encoding="UTF-8"?>
<!-- Generated by org.testng.reporters.JUnitReportReporter -->
<testsuite skipped="0" hostname="ACER" name="org.testng.FirstDay" tests="1" failures="0" timestamp="16 Jun 2019 19:19:08 GMT" time="34.592" errors="0">
  <testcase name="first" time="34.592" classname="org.testng.FirstDay"/>
</testsuite> <!-- org.testng.FirstDay -->
